<?xml version="1.0" encoding="UTF-8"?>
<!-- Generated by org.testng.reporters.JUnitReportReporter -->
<testsuite hostname="LAPTOP-242V70TT" failures="0" tests="11" name="com.orange.hrm.application.testrunner.ApplicationRunner" time="67.795" errors="0" timestamp="2025-08-12T15:44:31 IST" skipped="0">
  <testcase classname="com.orange.hrm.application.testrunner.ApplicationRunner" name="runScenario" time="5.467"/>
  <testcase classname="com.orange.hrm.application.testrunner.ApplicationRunner" name="runScenario" time="7.247"/>
  <testcase classname="com.orange.hrm.application.testrunner.ApplicationRunner" name="runScenario" time="6.748"/>
  <testcase classname="com.orange.hrm.application.testrunner.ApplicationRunner" name="runScenario" time="4.524"/>
  <testcase classname="com.orange.hrm.application.testrunner.ApplicationRunner" name="runScenario" time="7.276"/>
  <testcase classname="com.orange.hrm.application.testrunner.ApplicationRunner" name="runScenario" time="6.515"/>
  <testcase classname="com.orange.hrm.application.testrunner.ApplicationRunner" name="runScenario" time="9.740"/>
  <testcase classname="com.orange.hrm.application.testrunner.ApplicationRunner" name="runScenario" time="5.489"/>
  <testcase classname="com.orange.hrm.application.testrunner.ApplicationRunner" name="runScenario" time="6.645"/>
  <testcase classname="com.orange.hrm.application.testrunner.ApplicationRunner" name="runCucumberTests" time="0.006"/>
  <testcase classname="com.orange.hrm.application.testrunner.ApplicationRunner" name="runScenario" time="8.138"/>
</testsuite> <!-- com.orange.hrm.application.testrunner.ApplicationRunner -->
